2026-03-25T18:34:39.062Z  INFO 1 --- [master-node] [nio-8080-exec-9] com.nexus.master.service.JobService      : Created Web Scraping Task: dff395d1-bed2-49ee-92e8-a3f27857c738 for URL: https://en.wikipedia.org/wiki/FC_Barcelona
2026-03-25T18:34:39.070Z  INFO 1 --- [master-node] [nio-8080-exec-9] com.nexus.master.service.JobService      : Created Web Scraping Task: 0a7c2fc7-62e4-4411-8670-8e66832652a0 for URL: https://en.wikipedia.org/wiki/Real_Madrid_CF
2026-03-25T18:34:39.071Z  INFO 1 --- [master-node] [nio-8080-exec-9] com.nexus.master.service.JobService      : Created Web Scraping Task: 34426747-7ad1-46ac-92ca-c2fe5ceb25cf for URL: https://en.wikipedia.org/wiki/List_of_men%27s_footballers_with_50_or_more_international_goals
2026-03-25T18:34:43.300Z  INFO 1 --- [master-node] [   scheduling-1] c.n.master.service.AIPredictionService   : [AI-SCHEDULER] Selected Worker f84c3055-0a45-4f74-a331-0e107b1eb7b4 with predicted optimal score 90.50
2026-03-25T18:34:43.302Z  INFO 1 --- [master-node] [   scheduling-1] c.nexus.master.scheduler.TaskScheduler   : Assigned Task 87cbcf5a-625d-4010-aedc-e141872e6de5 to Worker f84c3055-0a45-4f74-a331-0e107b1eb7b4 via AI Prediction
2026-03-25T18:34:43.302Z  INFO 1 --- [master-node] [   scheduling-1] c.n.master.service.AIPredictionService   : [AI-SCHEDULER] Selected Worker f84c3055-0a45-4f74-a331-0e107b1eb7b4 with predicted optimal score 91.00
2026-03-25T18:34:43.302Z  INFO 1 --- [master-node] [   scheduling-1] c.nexus.master.scheduler.TaskScheduler   : Assigned Task 996c8daf-6f3a-4c82-858e-87d4bb467f64 to Worker f84c3055-0a45-4f74-a331-0e107b1eb7b4 via AI Prediction
2026-03-25T18:34:43.303Z  INFO 1 --- [master-node] [   scheduling-1] c.n.master.service.AIPredictionService   : [AI-SCHEDULER] Selected Worker f84c3055-0a45-4f74-a331-0e107b1eb7b4 with predicted optimal score 90.80
2026-03-25T18:34:43.303Z  INFO 1 --- [master-node] [   scheduling-1] c.nexus.master.scheduler.TaskScheduler   : Assigned Task 5e4778f5-2540-4dfc-8fec-6eac5341f8e8 to Worker f84c3055-0a45-4f74-a331-0e107b1eb7b4 via AI Prediction
2026-03-25T18:34:43.303Z  INFO 1 --- [master-node] [   scheduling-1] c.n.master.service.AIPredictionService   : [AI-SCHEDULER] Selected Worker f84c3055-0a45-4f74-a331-0e107b1eb7b4 with predicted optimal score 90.00
2026-03-25T18:34:43.303Z  INFO 1 --- [master-node] [   scheduling-1] c.nexus.master.scheduler.TaskScheduler   : Assigned Task d68157f5-6663-4422-81e9-69a1d2da0631 to Worker f84c3055-0a45-4f74-a331-0e107b1eb7b4 via AI Prediction
2026-03-25T18:34:43.303Z  INFO 1 --- [master-node] [   scheduling-1] c.n.master.service.AIPredictionService   : [AI-SCHEDULER] Selected Worker f84c3055-0a45-4f74-a331-0e107b1eb7b4 with predicted optimal score 91.40
2026-03-25T18:34:43.303Z  INFO 1 --- [master-node] [   scheduling-1] c.nexus.master.scheduler.TaskScheduler   : Assigned Task 61f0ecc9-3733-4c9a-934b-85ff102de06c to Worker f84c3055-0a45-4f74-a331-0e107b1eb7b4 via AI Prediction
2026-03-25T18:34:43.304Z  INFO 1 --- [master-node] [   scheduling-1] c.n.master.service.AIPredictionService   : [AI-SCHEDULER] Selected Worker f84c3055-0a45-4f74-a331-0e107b1eb7b4 with predicted optimal score 90.60
2026-03-25T18:34:43.304Z  INFO 1 --- [master-node] [   scheduling-1] c.nexus.master.scheduler.TaskScheduler   : Assigned Task 0de83668-430d-4b4d-ad41-f38fc5a9ae70 to Worker f84c3055-0a45-4f74-a331-0e107b1eb7b4 via AI Prediction
2026-03-25T18:34:43.304Z  INFO 1 --- [master-node] [   scheduling-1] c.n.master.service.AIPredictionService   : [AI-SCHEDULER] Selected Worker f84c3055-0a45-4f74-a331-0e107b1eb7b4 with predicted optimal score 90.70
2026-03-25T18:34:43.304Z  INFO 1 --- [master-node] [   scheduling-1] c.nexus.master.scheduler.TaskScheduler   : Assigned Task f68b6c79-57e8-479d-9c18-b0e5f313d003 to Worker f84c3055-0a45-4f74-a331-0e107b1eb7b4 via AI Prediction
2026-03-25T18:34:43.305Z  INFO 1 --- [master-node] [   scheduling-1] c.n.master.service.AIPredictionService   : [AI-SCHEDULER] Selected Worker f84c3055-0a45-4f74-a331-0e107b1eb7b4 with predicted optimal score 90.50
2026-03-25T18:34:43.305Z  INFO 1 --- [master-node] [   scheduling-1] c.nexus.master.scheduler.TaskScheduler   : Assigned Task dff395d1-bed2-49ee-92e8-a3f27857c738 to Worker f84c3055-0a45-4f74-a331-0e107b1eb7b4 via AI Prediction
2026-03-25T18:34:43.305Z  INFO 1 --- [master-node] [   scheduling-1] c.n.master.service.AIPredictionService   : [AI-SCHEDULER] Selected Worker f84c3055-0a45-4f74-a331-0e107b1eb7b4 with predicted optimal score 90.70
2026-03-25T18:34:43.305Z  INFO 1 --- [master-node] [   scheduling-1] c.nexus.master.scheduler.TaskScheduler   : Assigned Task 0a7c2fc7-62e4-4411-8670-8e66832652a0 to Worker f84c3055-0a45-4f74-a331-0e107b1eb7b4 via AI Prediction
2026-03-25T18:34:43.306Z  INFO 1 --- [master-node] [   scheduling-1] c.n.master.service.AIPredictionService   : [AI-SCHEDULER] Selected Worker f84c3055-0a45-4f74-a331-0e107b1eb7b4 with predicted optimal score 95.60
2026-03-25T18:34:43.306Z  INFO 1 --- [master-node] [   scheduling-1] c.nexus.master.scheduler.TaskScheduler   : Assigned Task 34426747-7ad1-46ac-92ca-c2fe5ceb25cf to Worker f84c3055-0a45-4f74-a331-0e107b1eb7b4 via AI Prediction
2026-03-25T18:34:43.321Z  INFO 1 --- [master-node] [   scheduling-1] c.nexus.master.scheduler.HealthChecker   : [AUTO-SCALER] High load detected (10 pending tasks). Triggering Auto-scaling logic to spin up new worker nodes.
2026-03-25T18:34:44.899Z  INFO 1 --- [master-node] [nio-8080-exec-7] com.nexus.master.service.WorkerService   : Task 34426747-7ad1-46ac-92ca-c2fe5ceb25cf started by worker f84c3055-0a45-4f74-a331-0e107b1eb7b4
2026-03-25T18:34:47.480Z  INFO 1 --- [master-node] [nio-8080-exec-9] com.nexus.master.service.WorkerService   : Task 34426747-7ad1-46ac-92ca-c2fe5ceb25cf completed with status COMPLETED by worker f84c3055-0a45-4f74-a331-0e107b1eb7b4
2026-03-25T18:34:47.632Z  INFO 1 --- [master-node] [nio-8080-exec-8] com.nexus.master.service.WorkerService   : Task 87cbcf5a-625d-4010-aedc-e141872e6de5 started by worker f84c3055-0a45-4f74-a331-0e107b1eb7b4
2026-03-25T18:34:48.008Z  INFO 1 --- [master-node] [io-8080-exec-10] com.nexus.master.service.WorkerService   : Task 87cbcf5a-625d-4010-aedc-e141872e6de5 completed with status COMPLETED by worker f84c3055-0a45-4f74-a331-0e107b1eb7b4
2026-03-25T18:34:48.874Z  INFO 1 --- [master-node] [nio-8080-exec-4] com.nexus.master.service.WorkerService   : Task 996c8daf-6f3a-4c82-858e-87d4bb467f64 started by worker f84c3055-0a45-4f74-a331-0e107b1eb7b4
2026-03-25T18:34:49.152Z  INFO 1 --- [master-node] [nio-8080-exec-5] com.nexus.master.service.WorkerService   : Task 996c8daf-6f3a-4c82-858e-87d4bb467f64 completed with status COMPLETED by worker f84c3055-0a45-4f74-a331-0e107b1eb7b4
2026-03-25T18:34:50.871Z  INFO 1 --- [master-node] [nio-8080-exec-6] com.nexus.master.service.WorkerService   : Task 5e4778f5-2540-4dfc-8fec-6eac5341f8e8 started by worker f84c3055-0a45-4f74-a331-0e107b1eb7b4
2026-03-25T18:34:51.052Z  INFO 1 --- [master-node] [nio-8080-exec-9] com.nexus.master.service.WorkerService   : Task 5e4778f5-2540-4dfc-8fec-6eac5341f8e8 completed with status COMPLETED by worker f84c3055-0a45-4f74-a331-0e107b1eb7b4
2026-03-25T18:34:52.870Z  INFO 1 --- [master-node] [io-8080-exec-10] com.nexus.master.service.WorkerService   : Task d68157f5-6663-4422-81e9-69a1d2da0631 started by worker f84c3055-0a45-4f74-a331-0e107b1eb7b4
2026-03-25T18:34:53.001Z  INFO 1 --- [master-node] [nio-8080-exec-2] com.nexus.master.service.WorkerService   : Task d68157f5-6663-4422-81e9-69a1d2da0631 completed with status COMPLETED by worker f84c3055-0a45-4f74-a331-0e107b1eb7b4
2026-03-25T18:34:54.870Z  INFO 1 --- [master-node] [nio-8080-exec-5] com.nexus.master.service.WorkerService   : Task 61f0ecc9-3733-4c9a-934b-85ff102de06c started by worker f84c3055-0a45-4f74-a331-0e107b1eb7b4
2026-03-25T18:34:55.015Z  INFO 1 --- [master-node] [nio-8080-exec-7] com.nexus.master.service.WorkerService   : Task 61f0ecc9-3733-4c9a-934b-85ff102de06c completed with status COMPLETED by worker f84c3055-0a45-4f74-a331-0e107b1eb7b4
2026-03-25T18:34:56.876Z  INFO 1 --- [master-node] [nio-8080-exec-9] com.nexus.master.service.WorkerService   : Task 0de83668-430d-4b4d-ad41-f38fc5a9ae70 started by worker f84c3055-0a45-4f74-a331-0e107b1eb7b4
2026-03-25T18:34:57.004Z  INFO 1 --- [master-node] [nio-8080-exec-8] com.nexus.master.service.WorkerService   : Task 0de83668-430d-4b4d-ad41-f38fc5a9ae70 completed with status COMPLETED by worker f84c3055-0a45-4f74-a331-0e107b1eb7b4
2026-03-25T18:34:58.874Z  INFO 1 --- [master-node] [nio-8080-exec-3] com.nexus.master.service.WorkerService   : Task f68b6c79-57e8-479d-9c18-b0e5f313d003 started by worker f84c3055-0a45-4f74-a331-0e107b1eb7b4
2026-03-25T18:35:00.459Z  INFO 1 --- [master-node] [nio-8080-exec-4] com.nexus.master.service.WorkerService   : Task f68b6c79-57e8-479d-9c18-b0e5f313d003 completed with status COMPLETED by worker f84c3055-0a45-4f74-a331-0e107b1eb7b4
2026-03-25T18:35:00.870Z  INFO 1 --- [master-node] [nio-8080-exec-7] com.nexus.master.service.WorkerService   : Task dff395d1-bed2-49ee-92e8-a3f27857c738 started by worker f84c3055-0a45-4f74-a331-0e107b1eb7b4
2026-03-25T18:35:01.149Z  INFO 1 --- [master-node] [nio-8080-exec-6] com.nexus.master.service.WorkerService   : Task dff395d1-bed2-49ee-92e8-a3f27857c738 completed with status COMPLETED by worker f84c3055-0a45-4f74-a331-0e107b1eb7b4
2026-03-25T18:35:02.876Z  INFO 1 --- [master-node] [nio-8080-exec-8] com.nexus.master.service.WorkerService   : Task 0a7c2fc7-62e4-4411-8670-8e66832652a0 started by worker f84c3055-0a45-4f74-a331-0e107b1eb7b4
2026-03-25T18:35:03.035Z  INFO 1 --- [master-node] [io-8080-exec-10] com.nexus.master.service.WorkerService   : Task 0a7c2fc7-62e4-4411-8670-8e66832652a0 completed with status COMPLETED by worker f84c3055-0a45-4f74-a331-0e107b1eb7b4
2026-03-25T18:35:03.039Z  INFO 1 --- [master-node] [io-8080-exec-10] com.nexus.master.service.WorkerService   : ============== JOB 0f5adbac-faa1-4d7b-bd00-931d45efb2fa COMPLETED ==============
2026-03-25T18:35:03.044Z  INFO 1 --- [master-node] [io-8080-exec-10] com.nexus.master.service.WorkerService   : Messi      | Ronaldo    | Goal Mentions    | Assist Mentions 
2026-03-25T18:35:03.044Z  INFO 1 --- [master-node] [io-8080-exec-10] com.nexus.master.service.WorkerService   : ---------------------------------------------------------------
2026-03-25T18:35:03.127Z  INFO 1 --- [master-node] [io-8080-exec-10] com.nexus.master.service.WorkerService   : 1311       | 1252       | 878              | 59              
2026-03-25T18:35:03.127Z  INFO 1 --- [master-node] [io-8080-exec-10] com.nexus.master.service.WorkerService   : >>> VERDICT: Messi dominates the conversation across these 10 pages! <<<
2026-03-25T18:35:03.127Z  INFO 1 --- [master-node] [io-8080-exec-10] com.nexus.master.service.WorkerService   : ==============================================================
